<?xml version="1.0" encoding="UTF-8"?>
<testsuite xmlns:xsi="http://www.w3.org/2001/XMLSchema-instance" xsi:noNamespaceSchemaLocation="https://maven.apache.org/surefire/maven-surefire-plugin/xsd/surefire-test-report-3.0.xsd" version="3.0" name="com.teknotik.ecommmerce_backend.EcommmerceBackendApplicationTests" time="16.262" tests="1" errors="0" skipped="0" failures="0">
  <properties>
[...]
</properties>
  <testcase name="contextLoads" classname="com.teknotik.ecommmerce_backend.EcommmerceBackendApplicationTests" time="0.426">
    <system-out><![CDATA[18:46:37.840 [main] INFO org.springframework.test.context.support.AnnotationConfigContextLoaderUtils -- Could not detect default configuration classes for test class [com.teknotik.ecommmerce_backend.EcommmerceBackendApplicationTests]: EcommmerceBackendApplicationTests does not declare any static, non-private, non-final, nested classes annotated with @Configuration.
18:46:37.966 [main] INFO org.springframework.boot.test.context.SpringBootTestContextBootstrapper -- Found @SpringBootConfiguration com.teknotik.ecommmerce_backend.EcommmerceBackendApplication for test class com.teknotik.ecommmerce_backend.EcommmerceBackendApplicationTests
18:46:38.185 [main] INFO org.springframework.boot.devtools.restart.RestartApplicationListener -- Restart disabled due to context in which it is running

  .   ____          _            __ _ _
 /\\ / ___'_ __ _ _(_)_ __  __ _ \ \ \ \
( ( )\___ | '_ | '_| | '_ \/ _` | \ \ \ \
 \\/  ___)| |_)| | | | | || (_| |  ) ) ) )
  '  |____| .__|_| |_|_| |_\__, | / / / /
 =========|_|==============|___/=/_/_/_/

 :: Spring Boot ::                (v3.3.5)

2024-11-06T18:46:38.565+03:00  INFO 15896 --- [ecommmerce-backend] [           main] c.t.e.EcommmerceBackendApplicationTests  : Starting EcommmerceBackendApplicationTests using Java 17.0.12 with PID 15896 (started by LENOVO in C:\git-repositories-backend\Teknotik-Backend)
2024-11-06T18:46:38.565+03:00  INFO 15896 --- [ecommmerce-backend] [           main] c.t.e.EcommmerceBackendApplicationTests  : No active profile set, falling back to 1 default profile: "default"
2024-11-06T18:46:39.501+03:00  INFO 15896 --- [ecommmerce-backend] [           main] .s.d.r.c.RepositoryConfigurationDelegate : Bootstrapping Spring Data JPA repositories in DEFAULT mode.
2024-11-06T18:46:39.611+03:00  INFO 15896 --- [ecommmerce-backend] [           main] .s.d.r.c.RepositoryConfigurationDelegate : Finished Spring Data repository scanning in 102 ms. Found 7 JPA repository interfaces.
2024-11-06T18:46:40.253+03:00  INFO 15896 --- [ecommmerce-backend] [           main] o.hibernate.jpa.internal.util.LogHelper  : HHH000204: Processing PersistenceUnitInfo [name: default]
2024-11-06T18:46:40.332+03:00  INFO 15896 --- [ecommmerce-backend] [           main] org.hibernate.Version                    : HHH000412: Hibernate ORM core version 6.5.3.Final
2024-11-06T18:46:40.379+03:00  INFO 15896 --- [ecommmerce-backend] [           main] o.h.c.internal.RegionFactoryInitiator    : HHH000026: Second-level cache disabled
2024-11-06T18:46:40.865+03:00  INFO 15896 --- [ecommmerce-backend] [           main] o.s.o.j.p.SpringPersistenceUnitInfo      : No LoadTimeWeaver setup: ignoring JPA class transformer
2024-11-06T18:46:40.914+03:00  INFO 15896 --- [ecommmerce-backend] [           main] com.zaxxer.hikari.HikariDataSource       : HikariPool-1 - Starting...
2024-11-06T18:46:43.296+03:00  INFO 15896 --- [ecommmerce-backend] [           main] com.zaxxer.hikari.pool.HikariPool        : HikariPool-1 - Added connection org.postgresql.jdbc.PgConnection@2729bb71
2024-11-06T18:46:43.296+03:00  INFO 15896 --- [ecommmerce-backend] [           main] com.zaxxer.hikari.HikariDataSource       : HikariPool-1 - Start completed.
2024-11-06T18:46:43.580+03:00  WARN 15896 --- [ecommmerce-backend] [           main] org.hibernate.orm.deprecation            : HHH90000025: PostgreSQLDialect does not need to be specified explicitly using 'hibernate.dialect' (remove the property setting and it will be selected by default)
2024-11-06T18:46:45.123+03:00  INFO 15896 --- [ecommmerce-backend] [           main] o.h.e.t.j.p.i.JtaPlatformInitiator       : HHH000489: No JTA platform available (set 'hibernate.transaction.jta.platform' to enable JTA platform integration)
2024-11-06T18:46:51.537+03:00  INFO 15896 --- [ecommmerce-backend] [           main] j.LocalContainerEntityManagerFactoryBean : Initialized JPA EntityManagerFactory for persistence unit 'default'
2024-11-06T18:46:52.070+03:00  INFO 15896 --- [ecommmerce-backend] [           main] o.s.d.j.r.query.QueryEnhancerFactory     : Hibernate is in classpath; If applicable, HQL parser will be used.
2024-11-06T18:46:52.657+03:00  WARN 15896 --- [ecommmerce-backend] [           main] JpaBaseConfiguration$JpaWebConfiguration : spring.jpa.open-in-view is enabled by default. Therefore, database queries may be performed during view rendering. Explicitly configure spring.jpa.open-in-view to disable this warning
2024-11-06T18:46:52.689+03:00  INFO 15896 --- [ecommmerce-backend] [           main] r$InitializeUserDetailsManagerConfigurer : Global AuthenticationManager configured with UserDetailsService bean with name authenticationService
2024-11-06T18:46:53.475+03:00  INFO 15896 --- [ecommmerce-backend] [           main] c.t.e.EcommmerceBackendApplicationTests  : Started EcommmerceBackendApplicationTests in 15.305 seconds (process running for 16.423)
]]></system-out>
  </testcase>
</testsuite>